<?xml version="1.0" encoding="UTF-8"?>
<coverage generated="1554633409047" clover="3.2.0">
  <project timestamp="1554633409047" name="All files">
    <metrics statements="25" coveredstatements="12" conditionals="5" coveredconditionals="0" methods="6" coveredmethods="2" elements="36" coveredelements="14" complexity="0" loc="25" ncloc="25" packages="2" files="3" classes="3"/>
    <package name="assets.images">
      <metrics statements="2" coveredstatements="2" conditionals="0" coveredconditionals="0" methods="0" coveredmethods="0"/>
      <file name="google_logo.png" path="/home/raccoon/Desktop/react-native-barcode-sacnner/assets/images/google_logo.png">
        <metrics statements="1" coveredstatements="1" conditionals="0" coveredconditionals="0" methods="0" coveredmethods="0"/>
        <line num="1" count="1" type="stmt"/>
      </file>
      <file name="recycle.png" path="/home/raccoon/Desktop/react-native-barcode-sacnner/assets/images/recycle.png">
        <metrics statements="1" coveredstatements="1" conditionals="0" coveredconditionals="0" methods="0" coveredmethods="0"/>
        <line num="1" count="1" type="stmt"/>
      </file>
    </package>
    <package name="src.components">
      <metrics statements="23" coveredstatements="10" conditionals="5" coveredconditionals="0" methods="6" coveredmethods="2"/>
      <file name="HomeScreen.tsx" path="/home/raccoon/Desktop/react-native-barcode-sacnner/src/components/HomeScreen.tsx">
        <metrics statements="23" coveredstatements="10" conditionals="5" coveredconditionals="0" methods="6" coveredmethods="2"/>
        <line num="1" count="1" type="stmt"/>
        <line num="2" count="1" type="stmt"/>
        <line num="3" count="1" type="stmt"/>
        <line num="36" count="1" type="cond" truecount="0" falsecount="3"/>
        <line num="37" count="1" type="stmt"/>
        <line num="41" count="0" type="stmt"/>
        <line num="46" count="0" type="stmt"/>
        <line num="49" count="0" type="stmt"/>
        <line num="53" count="0" type="stmt"/>
        <line num="54" count="0" type="stmt"/>
        <line num="57" count="0" type="stmt"/>
        <line num="62" count="0" type="stmt"/>
        <line num="65" count="0" type="stmt"/>
        <line num="69" count="1" type="stmt"/>
        <line num="70" count="0" type="stmt"/>
        <line num="71" count="0" type="stmt"/>
        <line num="73" count="0" type="stmt"/>
        <line num="83" count="1" type="stmt"/>
        <line num="85" count="1" type="stmt"/>
        <line num="93" count="0" type="stmt"/>
        <line num="105" count="1" type="stmt"/>
        <line num="110" count="0" type="stmt"/>
        <line num="116" count="1" type="stmt"/>
      </file>
    </package>
  </project>
</coverage>
