<?xml version="1.0" encoding="UTF-8"?>
<coverage generated="1552654783511" clover="3.2.0">
  <project timestamp="1552654783511" name="All files">
    <metrics statements="31" coveredstatements="11" conditionals="8" coveredconditionals="3" methods="12" coveredmethods="1" elements="51" coveredelements="15" complexity="0" loc="31" ncloc="31" packages="4" files="5" classes="5">
      <package name="__test__.setup">
        <metrics statements="1" coveredstatements="1" conditionals="0" coveredconditionals="0" methods="0" coveredmethods="0"/>
        <file name="setupEnzyme.js" path="/home/raccoon/Desktop/react-native-barcode-sacnner/__test__/setup/setupEnzyme.js">
          <metrics statements="1" coveredstatements="1" conditionals="0" coveredconditionals="0" methods="0" coveredmethods="0"/>
          <line num="4" count="2" type="stmt"/>
        </file>
      </package>
      <package name="src">
        <metrics statements="19" coveredstatements="3" conditionals="4" coveredconditionals="0" methods="9" coveredmethods="0"/>
        <file name="HomeScreen.js" path="/home/raccoon/Desktop/react-native-barcode-sacnner/src/HomeScreen.js">
          <metrics statements="19" coveredstatements="3" conditionals="4" coveredconditionals="0" methods="9" coveredmethods="0"/>
          <line num="19" count="0" type="stmt"/>
          <line num="20" count="0" type="stmt"/>
          <line num="25" count="0" type="cond" truecount="0" falsecount="2"/>
          <line num="26" count="0" type="stmt"/>
          <line num="31" count="0" type="stmt"/>
          <line num="33" count="0" type="stmt"/>
          <line num="36" count="0" type="stmt"/>
          <line num="41" count="0" type="stmt"/>
          <line num="43" count="0" type="stmt"/>
          <line num="55" count="1" type="stmt"/>
          <line num="56" count="0" type="stmt"/>
          <line num="64" count="0" type="stmt"/>
          <line num="77" count="1" type="stmt"/>
          <line num="78" count="0" type="stmt"/>
          <line num="83" count="0" type="stmt"/>
          <line num="90" count="1" type="stmt"/>
          <line num="108" count="0" type="stmt"/>
          <line num="114" count="0" type="stmt"/>
          <line num="116" count="0" type="stmt"/>
        </file>
      </package>
      <package name="src.actions">
        <metrics statements="3" coveredstatements="1" conditionals="0" coveredconditionals="0" methods="2" coveredmethods="0"/>
        <file name="index.js" path="/home/raccoon/Desktop/react-native-barcode-sacnner/src/actions/index.js">
          <metrics statements="2" coveredstatements="0" conditionals="0" coveredconditionals="0" methods="2" coveredmethods="0"/>
          <line num="4" count="0" type="stmt"/>
          <line num="11" count="0" type="stmt"/>
        </file>
        <file name="types.js" path="/home/raccoon/Desktop/react-native-barcode-sacnner/src/actions/types.js">
          <metrics statements="1" coveredstatements="1" conditionals="0" coveredconditionals="0" methods="0" coveredmethods="0"/>
          <line num="1" count="2" type="stmt"/>
        </file>
      </package>
      <package name="src.reducers">
        <metrics statements="8" coveredstatements="6" conditionals="4" coveredconditionals="3" methods="1" coveredmethods="1"/>
        <file name="index.js" path="/home/raccoon/Desktop/react-native-barcode-sacnner/src/reducers/index.js">
          <metrics statements="8" coveredstatements="6" conditionals="4" coveredconditionals="3" methods="1" coveredmethods="1"/>
          <line num="3" count="1" type="stmt"/>
          <line num="9" count="2" type="stmt"/>
          <line num="11" count="2" type="cond" truecount="2" falsecount="1"/>
          <line num="13" count="1" type="stmt"/>
          <line num="15" count="1" type="stmt"/>
          <line num="17" count="0" type="stmt"/>
          <line num="19" count="0" type="stmt"/>
          <line num="21" count="1" type="stmt"/>
        </file>
      </package>
    </metrics>
  </project>
</coverage>
