{"/home/raccoon/Desktop/react-native-barcode-sacnner/assets/images/google_logo.png": {"path":"/home/raccoon/Desktop/react-native-barcode-sacnner/assets/images/google_logo.png","statementMap":{"0":{"start":{"line":1,"column":0},"end":{"line":1,"column":19}}},"fnMap":{},"branchMap":{},"s":{"0":1},"f":{},"b":{},"_coverageSchema":"43e27e138ebf9cfc5966b082cf9a028302ed4184","hash":"6a37862f81f0664f35ae2761aaa6c765a30fe113"}
,"/home/raccoon/Desktop/react-native-barcode-sacnner/assets/images/recycle.png": {"path":"/home/raccoon/Desktop/react-native-barcode-sacnner/assets/images/recycle.png","statementMap":{"0":{"start":{"line":1,"column":0},"end":{"line":1,"column":19}}},"fnMap":{},"branchMap":{},"s":{"0":1},"f":{},"b":{},"_coverageSchema":"43e27e138ebf9cfc5966b082cf9a028302ed4184","hash":"b5a31321d9645804d08a1da9f5cd99498352f2ce"}
,"/home/raccoon/Desktop/react-native-barcode-sacnner/src/components/HomeScreen.tsx": {"path":"/home/raccoon/Desktop/react-native-barcode-sacnner/src/components/HomeScreen.tsx","statementMap":{"0":{"start":{"line":1,"column":0},"end":{"line":1,"column":26}},"1":{"start":{"line":2,"column":0},"end":{"line":2,"column":30}},"2":{"start":{"line":3,"column":0},"end":{"line":3,"column":null}},"3":{"start":{"line":36,"column":0},"end":{"line":36,"column":69}},"4":{"start":{"line":36,"column":40},"end":{"line":36,"column":45}},"5":{"start":{"line":36,"column":0},"end":{"line":36,"column":21}},"6":{"start":{"line":41,"column":2},"end":{"line":44,"column":4}},"7":{"start":{"line":46,"column":2},"end":{"line":67,"column":null}},"8":{"start":{"line":49,"column":12},"end":{"line":49,"column":106}},"9":{"start":{"line":53,"column":21},"end":{"line":53,"column":null}},"10":{"start":{"line":53,"column":12},"end":{"line":53,"column":null}},"11":{"start":{"line":54,"column":14},"end":{"line":54,"column":36}},"12":{"start":{"line":57,"column":8},"end":{"line":60,"column":11}},"13":{"start":{"line":62,"column":8},"end":{"line":62,"column":44}},"14":{"start":{"line":65,"column":6},"end":{"line":65,"column":32}},"15":{"start":{"line":69,"column":2},"end":{"line":82,"column":null}},"16":{"start":{"line":70,"column":10},"end":{"line":70,"column":12}},"17":{"start":{"line":70,"column":12},"end":{"line":70,"column":20}},"18":{"start":{"line":70,"column":22},"end":{"line":70,"column":45}},"19":{"start":{"line":71,"column":10},"end":{"line":71,"column":12}},"20":{"start":{"line":71,"column":12},"end":{"line":71,"column":20}},"21":{"start":{"line":71,"column":22},"end":{"line":71,"column":47}},"22":{"start":{"line":73,"column":4},"end":{"line":81,"column":6}},"23":{"start":{"line":37,"column":9},"end":{"line":39,"column":4}},"24":{"start":{"line":83,"column":0},"end":{"line":83,"column":null}},"25":{"start":{"line":85,"column":13},"end":{"line":103,"column":2}},"26":{"start":{"line":85,"column":28},"end":{"line":85,"column":34}},"27":{"start":{"line":85,"column":57},"end":{"line":103,"column":2}},"28":{"start":{"line":93,"column":64},"end":{"line":93,"column":null}},"29":{"start":{"line":105,"column":13},"end":{"line":114,"column":2}},"30":{"start":{"line":105,"column":31},"end":{"line":105,"column":35}},"31":{"start":{"line":105,"column":37},"end":{"line":105,"column":45}},"32":{"start":{"line":105,"column":47},"end":{"line":105,"column":57}},"33":{"start":{"line":105,"column":83},"end":{"line":114,"column":2}},"34":{"start":{"line":110,"column":63},"end":{"line":110,"column":null}},"35":{"start":{"line":116,"column":15},"end":{"line":186,"column":2}}},"fnMap":{"0":{"name":"HomeScreen","decl":{"start":{"line":36,"column":0},"end":{"line":36,"column":21}},"loc":{"start":{"line":36,"column":0},"end":{"line":83,"column":null}}},"1":{"name":"(anonymous_24)","decl":{"start":{"line":69,"column":2},"end":{"line":69,"column":8}},"loc":{"start":{"line":69,"column":2},"end":{"line":82,"column":3}}},"2":{"name":"(anonymous_25)","decl":{"start":{"line":85,"column":25},"end":{"line":85,"column":26}},"loc":{"start":{"line":85,"column":52},"end":{"line":85,"column":null}}},"3":{"name":"(anonymous_26)","decl":{"start":{"line":93,"column":58},"end":{"line":93,"column":64}},"loc":{"start":{"line":93,"column":58},"end":{"line":93,"column":70}}},"4":{"name":"(anonymous_27)","decl":{"start":{"line":105,"column":28},"end":{"line":105,"column":29}},"loc":{"start":{"line":105,"column":78},"end":{"line":105,"column":null}}},"5":{"name":"(anonymous_28)","decl":{"start":{"line":110,"column":57},"end":{"line":110,"column":63}},"loc":{"start":{"line":110,"column":57},"end":{"line":110,"column":73}}}},"branchMap":{"0":{"loc":{"start":{"line":36,"column":0},"end":{"line":36,"column":21}},"type":"binary-expr","locations":[{"start":{"line":36,"column":0},"end":{"line":36,"column":21}},{"start":{"line":36,"column":0},"end":{"line":36,"column":21}},{"start":{"line":36,"column":0},"end":{"line":36,"column":21}}]},"1":{"loc":{"start":{"line":77,"column":14},"end":{"line":77,"column":90}},"type":"cond-expr","locations":[{"start":{"line":77,"column":14},"end":{"line":77,"column":90}},{"start":{"line":78,"column":14},"end":{"line":78,"column":48}}]}},"s":{"0":1,"1":1,"2":1,"3":1,"4":1,"5":0,"6":0,"7":0,"8":0,"9":0,"10":0,"11":0,"12":0,"13":0,"14":0,"15":1,"16":0,"17":0,"18":0,"19":0,"20":0,"21":0,"22":0,"23":1,"24":1,"25":1,"26":1,"27":1,"28":0,"29":1,"30":1,"31":1,"32":1,"33":1,"34":0,"35":1},"f":{"0":0,"1":0,"2":1,"3":0,"4":1,"5":0},"b":{"0":[0,0,0],"1":[0,0]}}
}
