{"/home/raccoon/Desktop/react-native-barcode-sacnner/__test__/setup/setupEnzyme.js": {"path":"/home/raccoon/Desktop/react-native-barcode-sacnner/__test__/setup/setupEnzyme.js","statementMap":{"0":{"start":{"line":4,"column":0},"end":{"line":4,"column":44}}},"fnMap":{},"branchMap":{},"s":{"0":2},"f":{},"b":{},"_coverageSchema":"332fd63041d2c1bcb487cc26dd0d5f7d97098a6c","hash":"b102a783066e74c4c409a485fb8b9c95bc8d03c0"}
,"/home/raccoon/Desktop/react-native-barcode-sacnner/src/HomeScreen.js": {"path":"/home/raccoon/Desktop/react-native-barcode-sacnner/src/HomeScreen.js","statementMap":{"0":{"start":{"line":19,"column":4},"end":{"line":37,"column":5}},"1":{"start":{"line":20,"column":21},"end":{"line":23,"column":8}},"2":{"start":{"line":25,"column":6},"end":{"line":34,"column":7}},"3":{"start":{"line":26,"column":8},"end":{"line":29,"column":11}},"4":{"start":{"line":31,"column":8},"end":{"line":31,"column":51}},"5":{"start":{"line":33,"column":8},"end":{"line":33,"column":33}},"6":{"start":{"line":36,"column":6},"end":{"line":36,"column":32}},"7":{"start":{"line":41,"column":4},"end":{"line":41,"column":37}},"8":{"start":{"line":43,"column":4},"end":{"line":51,"column":6}},"9":{"start":{"line":55,"column":18},"end":{"line":75,"column":1}},"10":{"start":{"line":56,"column":2},"end":{"line":74,"column":4}},"11":{"start":{"line":64,"column":150},"end":{"line":64,"column":164}},"12":{"start":{"line":77,"column":21},"end":{"line":88,"column":1}},"13":{"start":{"line":78,"column":2},"end":{"line":87,"column":4}},"14":{"start":{"line":83,"column":155},"end":{"line":83,"column":198}},"15":{"start":{"line":90,"column":15},"end":{"line":105,"column":2}},"16":{"start":{"line":108,"column":2},"end":{"line":110,"column":4}},"17":{"start":{"line":114,"column":2},"end":{"line":118,"column":4}},"18":{"start":{"line":116,"column":6},"end":{"line":116,"column":36}}},"fnMap":{"0":{"name":"(anonymous_0)","decl":{"start":{"line":18,"column":11},"end":{"line":18,"column":12}},"loc":{"start":{"line":18,"column":23},"end":{"line":38,"column":3}},"line":18},"1":{"name":"(anonymous_1)","decl":{"start":{"line":40,"column":2},"end":{"line":40,"column":3}},"loc":{"start":{"line":40,"column":11},"end":{"line":52,"column":3}},"line":40},"2":{"name":"(anonymous_2)","decl":{"start":{"line":55,"column":18},"end":{"line":55,"column":19}},"loc":{"start":{"line":55,"column":27},"end":{"line":75,"column":1}},"line":55},"3":{"name":"(anonymous_3)","decl":{"start":{"line":64,"column":144},"end":{"line":64,"column":145}},"loc":{"start":{"line":64,"column":150},"end":{"line":64,"column":164}},"line":64},"4":{"name":"(anonymous_4)","decl":{"start":{"line":77,"column":21},"end":{"line":77,"column":22}},"loc":{"start":{"line":77,"column":30},"end":{"line":88,"column":1}},"line":77},"5":{"name":"(anonymous_5)","decl":{"start":{"line":83,"column":149},"end":{"line":83,"column":150}},"loc":{"start":{"line":83,"column":155},"end":{"line":83,"column":198}},"line":83},"6":{"name":"mapStateToProps","decl":{"start":{"line":107,"column":9},"end":{"line":107,"column":24}},"loc":{"start":{"line":107,"column":32},"end":{"line":111,"column":1}},"line":107},"7":{"name":"mapDispatchToProps","decl":{"start":{"line":113,"column":9},"end":{"line":113,"column":27}},"loc":{"start":{"line":113,"column":38},"end":{"line":119,"column":1}},"line":113},"8":{"name":"(anonymous_8)","decl":{"start":{"line":115,"column":19},"end":{"line":115,"column":20}},"loc":{"start":{"line":115,"column":29},"end":{"line":117,"column":5}},"line":115}},"branchMap":{"0":{"loc":{"start":{"line":25,"column":6},"end":{"line":34,"column":7}},"type":"if","locations":[{"start":{"line":25,"column":6},"end":{"line":34,"column":7}},{"start":{"line":25,"column":6},"end":{"line":34,"column":7}}],"line":25},"1":{"loc":{"start":{"line":46,"column":10},"end":{"line":48,"column":46}},"type":"cond-expr","locations":[{"start":{"line":47,"column":12},"end":{"line":47,"column":121}},{"start":{"line":48,"column":12},"end":{"line":48,"column":46}}],"line":46}},"s":{"0":0,"1":0,"2":0,"3":0,"4":0,"5":0,"6":0,"7":0,"8":0,"9":1,"10":0,"11":0,"12":1,"13":0,"14":0,"15":1,"16":0,"17":0,"18":0},"f":{"0":0,"1":0,"2":0,"3":0,"4":0,"5":0,"6":0,"7":0,"8":0},"b":{"0":[0,0],"1":[0,0]},"_coverageSchema":"332fd63041d2c1bcb487cc26dd0d5f7d97098a6c","hash":"90cbe80256f2676770335e884415e43d73b14c2d"}
,"/home/raccoon/Desktop/react-native-barcode-sacnner/src/actions/index.js": {"path":"/home/raccoon/Desktop/react-native-barcode-sacnner/src/actions/index.js","statementMap":{"0":{"start":{"line":4,"column":2},"end":{"line":7,"column":4}},"1":{"start":{"line":11,"column":2},"end":{"line":14,"column":4}}},"fnMap":{"0":{"name":"loginUserName","decl":{"start":{"line":3,"column":16},"end":{"line":3,"column":29}},"loc":{"start":{"line":3,"column":36},"end":{"line":8,"column":1}},"line":3},"1":{"name":"barcodeScan","decl":{"start":{"line":10,"column":16},"end":{"line":10,"column":27}},"loc":{"start":{"line":10,"column":37},"end":{"line":15,"column":1}},"line":10}},"branchMap":{},"s":{"0":0,"1":0},"f":{"0":0,"1":0},"b":{},"_coverageSchema":"332fd63041d2c1bcb487cc26dd0d5f7d97098a6c","hash":"f89621ecd3e46897b34e0af1356922f4105b8669"}
,"/home/raccoon/Desktop/react-native-barcode-sacnner/src/actions/types.js": {"path":"/home/raccoon/Desktop/react-native-barcode-sacnner/src/actions/types.js","statementMap":{"0":{"start":{"line":1,"column":14},"end":{"line":4,"column":1}}},"fnMap":{},"branchMap":{},"s":{"0":2},"f":{},"b":{},"_coverageSchema":"332fd63041d2c1bcb487cc26dd0d5f7d97098a6c","hash":"92c47b3a03661a5ea110e2a944e194dbd7048d7b"}
,"/home/raccoon/Desktop/react-native-barcode-sacnner/src/reducers/index.js": {"path":"/home/raccoon/Desktop/react-native-barcode-sacnner/src/reducers/index.js","statementMap":{"0":{"start":{"line":3,"column":21},"end":{"line":6,"column":1}},"1":{"start":{"line":9,"column":22},"end":{"line":9,"column":55}},"2":{"start":{"line":11,"column":2},"end":{"line":22,"column":3}},"3":{"start":{"line":13,"column":6},"end":{"line":13,"column":44}},"4":{"start":{"line":15,"column":6},"end":{"line":15,"column":25}},"5":{"start":{"line":17,"column":6},"end":{"line":17,"column":43}},"6":{"start":{"line":19,"column":6},"end":{"line":19,"column":25}},"7":{"start":{"line":21,"column":6},"end":{"line":21,"column":19}}},"fnMap":{"0":{"name":"(anonymous_0)","decl":{"start":{"line":8,"column":15},"end":{"line":8,"column":16}},"loc":{"start":{"line":8,"column":49},"end":{"line":23,"column":1}},"line":8}},"branchMap":{"0":{"loc":{"start":{"line":8,"column":16},"end":{"line":8,"column":36}},"type":"default-arg","locations":[{"start":{"line":8,"column":24},"end":{"line":8,"column":36}}],"line":8},"1":{"loc":{"start":{"line":11,"column":2},"end":{"line":22,"column":3}},"type":"switch","locations":[{"start":{"line":12,"column":4},"end":{"line":15,"column":25}},{"start":{"line":16,"column":4},"end":{"line":19,"column":25}},{"start":{"line":20,"column":4},"end":{"line":21,"column":19}}],"line":11}},"s":{"0":1,"1":2,"2":2,"3":1,"4":1,"5":0,"6":0,"7":1},"f":{"0":2},"b":{"0":[2],"1":[1,0,1]},"_coverageSchema":"332fd63041d2c1bcb487cc26dd0d5f7d97098a6c","hash":"a22ab18adfe0cacd113bfc9d5f87e555fc9b0f46"}
}
