TN:
SF:/home/raccoon/Desktop/react-native-barcode-sacnner/__test__/setup/setupEnzyme.js
FNF:0
FNH:0
DA:4,2
LF:1
LH:1
BRF:0
BRH:0
end_of_record
TN:
SF:/home/raccoon/Desktop/react-native-barcode-sacnner/src/HomeScreen.js
FN:18,(anonymous_0)
FN:40,(anonymous_1)
FN:55,(anonymous_2)
FN:64,(anonymous_3)
FN:77,(anonymous_4)
FN:83,(anonymous_5)
FN:107,mapStateToProps
FN:113,mapDispatchToProps
FN:115,(anonymous_8)
FNF:9
FNH:0
FNDA:0,(anonymous_0)
FNDA:0,(anonymous_1)
FNDA:0,(anonymous_2)
FNDA:0,(anonymous_3)
FNDA:0,(anonymous_4)
FNDA:0,(anonymous_5)
FNDA:0,mapStateToProps
FNDA:0,mapDispatchToProps
FNDA:0,(anonymous_8)
DA:19,0
DA:20,0
DA:25,0
DA:26,0
DA:31,0
DA:33,0
DA:36,0
DA:41,0
DA:43,0
DA:55,1
DA:56,0
DA:64,0
DA:77,1
DA:78,0
DA:83,0
DA:90,1
DA:108,0
DA:114,0
DA:116,0
LF:19
LH:3
BRDA:25,0,0,0
BRDA:25,0,1,0
BRDA:46,1,0,0
BRDA:46,1,1,0
BRF:4
BRH:0
end_of_record
TN:
SF:/home/raccoon/Desktop/react-native-barcode-sacnner/src/actions/index.js
FN:3,loginUserName
FN:10,barcodeScan
FNF:2
FNH:0
FNDA:0,loginUserName
FNDA:0,barcodeScan
DA:4,0
DA:11,0
LF:2
LH:0
BRF:0
BRH:0
end_of_record
TN:
SF:/home/raccoon/Desktop/react-native-barcode-sacnner/src/actions/types.js
FNF:0
FNH:0
DA:1,2
LF:1
LH:1
BRF:0
BRH:0
end_of_record
TN:
SF:/home/raccoon/Desktop/react-native-barcode-sacnner/src/reducers/index.js
FN:8,(anonymous_0)
FNF:1
FNH:1
FNDA:2,(anonymous_0)
DA:3,1
DA:9,2
DA:11,2
DA:13,1
DA:15,1
DA:17,0
DA:19,0
DA:21,1
LF:8
LH:6
BRDA:8,0,0,2
BRDA:11,1,0,1
BRDA:11,1,1,0
BRDA:11,1,2,1
BRF:4
BRH:3
end_of_record
