TN:
SF:/home/raccoon/Desktop/react-native-barcode-sacnner/assets/images/google_logo.png
FNF:0
FNH:0
DA:1,1
LF:1
LH:1
BRF:0
BRH:0
end_of_record
TN:
SF:/home/raccoon/Desktop/react-native-barcode-sacnner/assets/images/recycle.png
FNF:0
FNH:0
DA:1,1
LF:1
LH:1
BRF:0
BRH:0
end_of_record
TN:
SF:/home/raccoon/Desktop/react-native-barcode-sacnner/src/components/HomeScreen.tsx
FN:36,HomeScreen
FN:69,(anonymous_24)
FN:85,(anonymous_25)
FN:93,(anonymous_26)
FN:105,(anonymous_27)
FN:110,(anonymous_28)
FNF:6
FNH:2
FNDA:0,HomeScreen
FNDA:0,(anonymous_24)
FNDA:1,(anonymous_25)
FNDA:0,(anonymous_26)
FNDA:1,(anonymous_27)
FNDA:0,(anonymous_28)
DA:1,1
DA:2,1
DA:3,1
DA:36,1
DA:37,1
DA:41,0
DA:46,0
DA:49,0
DA:53,0
DA:54,0
DA:57,0
DA:62,0
DA:65,0
DA:69,1
DA:70,0
DA:71,0
DA:73,0
DA:83,1
DA:85,1
DA:93,0
DA:105,1
DA:110,0
DA:116,1
LF:23
LH:10
BRDA:36,0,0,0
BRDA:36,0,1,0
BRDA:36,0,2,0
BRDA:77,1,0,0
BRDA:77,1,1,0
BRF:5
BRH:0
end_of_record
